<?xml version="1.0" encoding="UTF-8"?>
<testng-results skipped="0" failed="0" ignored="0" total="1" passed="1">
  <reporter-output>
  </reporter-output>
  <suite name="Default suite" duration-ms="138" started-at="2019-01-02T06:46:34Z" finished-at="2019-01-02T06:46:34Z">
    <groups>
    </groups>
    <test name="Default test" duration-ms="138" started-at="2019-01-02T06:46:34Z" finished-at="2019-01-02T06:46:34Z">
      <class name="grid.Githubv2">
        <test-method status="PASS" signature="mytest()[pri:0, instance:grid.Githubv2@6cc4c815]" name="mytest" duration-ms="32" started-at="2019-01-02T06:46:34Z" finished-at="2019-01-02T06:46:34Z">
          <reporter-output>
          </reporter-output>
        </test-method> <!-- mytest -->
      </class> <!-- grid.Githubv2 -->
    </test> <!-- Default test -->
  </suite> <!-- Default suite -->
</testng-results>
