<?xml version="1.0" encoding="UTF-8"?>
<testng-results skipped="0" failed="0" ignored="0" total="1" passed="1">
  <reporter-output>
  </reporter-output>
  <suite name="Default suite" duration-ms="38143" started-at="2019-01-02T06:07:08Z" finished-at="2019-01-02T06:07:46Z">
    <groups>
    </groups>
    <test name="Default test" duration-ms="38143" started-at="2019-01-02T06:07:08Z" finished-at="2019-01-02T06:07:46Z">
      <class name="grid.Griddemo">
        <test-method status="PASS" signature="test()[pri:0, instance:grid.Griddemo@51efea79]" name="test" duration-ms="38060" started-at="2019-01-02T06:07:08Z" finished-at="2019-01-02T06:07:46Z">
          <reporter-output>
          </reporter-output>
        </test-method> <!-- test -->
      </class> <!-- grid.Griddemo -->
    </test> <!-- Default test -->
  </suite> <!-- Default suite -->
</testng-results>
